src/components/VehicleTimeline/useTimelineActions.ts(47,11): error TS1128: Declaration or statement expected.
src/components/VehicleTimeline/useTimelineActions.ts(79,11): error TS1128: Declaration or statement expected.
src/components/VehicleTimeline/useTimelineActions.ts(89,8): error TS1128: Declaration or statement expected.
src/components/VehicleTimeline/useTimelineActions.ts(92,18): error TS1005: ';' expected.
src/components/VehicleTimeline/useTimelineActions.ts(97,5): error TS1128: Declaration or statement expected.
src/components/VehicleTimeline/useTimelineActions.ts(98,3): error TS1128: Declaration or statement expected.
src/components/VehicleTimeline/useTimelineActions.ts(98,4): error TS1128: Declaration or statement expected.
src/components/VehicleTimeline/useTimelineActions.ts(98,33): error TS1005: ';' expected.
src/components/VehicleTimeline/useTimelineActions.ts(128,11): error TS1128: Declaration or statement expected.
src/components/VehicleTimeline/useTimelineActions.ts(144,3): error TS1128: Declaration or statement expected.
src/components/VehicleTimeline/useTimelineActions.ts(144,4): error TS1128: Declaration or statement expected.
src/components/VehicleTimeline/useTimelineActions.ts(144,33): error TS1005: ';' expected.
src/components/VehicleTimeline/useTimelineActions.ts(159,11): error TS1128: Declaration or statement expected.
src/components/VehicleTimeline/useTimelineActions.ts(174,3): error TS1128: Declaration or statement expected.
src/components/VehicleTimeline/useTimelineActions.ts(174,4): error TS1128: Declaration or statement expected.
src/components/VehicleTimeline/useTimelineActions.ts(174,33): error TS1005: ';' expected.
src/components/VehicleTimeline/useTimelineActions.ts(302,1): error TS1128: Declaration or statement expected.
